2024-03-09 19:27:17,109 Starting account creation process
2024-03-09 19:27:17,230 Generated user details: {'full_name': 'Jessica Taylor', 'username': '@cruzjustin', 'bio': 'Recent discussion spend last represent well. Worry throughout support student lose.\nBase final mission meet. Table send relationship there rest.', 'password': '9fDaebJ7)uG$'}
2024-03-09 19:27:17,230 Created email address: @cruzjustin8421@yopmail.com
2024-03-09 19:27:17,230 Fetched OTP: 901536
2024-03-09 19:27:18,632 Downloaded profile image: None
2024-03-09 19:27:45,092 Account creation status: False
2024-03-09 19:27:45,096 Account creation process completed
2024-03-09 19:28:31,938 Starting account creation process
2024-03-09 19:28:32,044 Generated user details: {'full_name': 'Brenda Brooks', 'username': '@collinsderrick', 'bio': 'Ready like picture weight catch. Issue seven last general.', 'password': 'CyUmdQCa)s4_'}
2024-03-09 19:28:32,044 Created email address: @collinsderrick6133@yopmail.com
2024-03-09 19:28:32,044 Fetched OTP: 741818
2024-03-09 19:28:33,240 Downloaded profile image: None
2024-03-09 19:28:56,986 Account creation status: False
2024-03-09 19:28:56,987 Account creation process completed
2024-03-09 19:29:23,883 Starting account creation process
2024-03-09 19:29:23,985 Generated user details: {'full_name': 'Tina Huynh', 'username': '@melissa28', 'bio': 'Fall community beautiful son friend. Hot piece after will. Nothing product perhaps staff.', 'password': 'jN2OM0cz%f^B'}
2024-03-09 19:29:23,985 Created email address: @melissa280181@yopmail.com
2024-03-09 19:29:23,985 Fetched OTP: 905665
2024-03-09 19:29:25,393 Downloaded profile image: None
2024-03-09 19:29:49,278 Account creation status: False
2024-03-09 19:29:49,280 Account creation process completed
2024-03-09 20:35:30,193 Starting account creation process
2024-03-09 20:35:30,298 Generated user details: {'full_name': 'Robert Stephens', 'username': '@ubanks', 'bio': 'Series I trip. Avoid quality all build board hit learn. Yes food despite.', 'password': 'APeEAcOlB$4w'}
2024-03-09 20:35:30,298 Created email address: @ubanks3231@yopmail.com
2024-03-09 20:35:30,298 Fetched OTP: 167566
2024-03-09 20:35:31,469 Downloaded profile image: None
2024-03-09 20:35:56,011 Account creation status: False
2024-03-09 20:35:56,013 Account creation process completed
2024-03-09 20:56:56,576 Starting account creation process
2024-03-09 20:57:58,523 Starting account creation process
2024-03-09 20:57:58,624 Generated user details: {'full_name': 'Natalie Gonzalez', 'username': 'coxariel', 'instagram_username': '@coxariel', 'bio': 'Only hand idea. Type plan forget computer minute today investment everyone. Begin recent first after.', 'password': 'BrY#IkY#U0Du'}
2024-03-09 20:57:58,624 Created email address: coxariel8445@yopmail.com
2024-03-09 20:57:58,624 Fetched OTP: 517081
2024-03-09 20:58:01,566 Downloaded profile image: profile_picture.jpg
2024-03-09 20:58:25,654 Account creation status: False
2024-03-09 20:58:25,654 Account creation process completed
2024-03-09 21:06:11,393 Starting account creation process
2024-03-09 21:06:11,493 Generated user details: {'full_name': 'Samantha Moore', 'username': 'leedustin', 'instagram_username': '@leedustin', 'bio': 'Sit mean play capital red. Structure arm question serve reflect. Most fight think build.', 'password': '8W*l$Cf(vpq0'}
2024-03-09 21:06:11,493 Created email address: leedustin2232@yopmail.com
2024-03-09 21:06:11,493 Fetched OTP: 905875
2024-03-09 21:06:15,273 Downloaded profile image: profile_picture.jpg
2024-03-09 21:06:39,184 Account creation status: False
2024-03-09 21:06:39,184 Account creation process completed
2024-03-09 21:30:29,371 Starting account creation process
2024-03-09 21:30:29,466 Generated user details: {'full_name': 'Casey Neal', 'username': 'tina80', 'instagram_username': '@tina80', 'bio': 'Its would training view money military. Start address hard.', 'password': 'By9_1Jiu_SkT'}
2024-03-09 21:30:29,466 Created email address: tina800010@yopmail.com
2024-03-09 21:30:29,466 Fetched OTP: 349742
2024-03-09 21:36:37,542 Starting account creation process
2024-03-09 21:36:37,652 Generated user details: {'full_name': 'Matthew Rice', 'username': 'fsanchez', 'instagram_username': '@fsanchez', 'bio': 'Scene lay interview sister. Blood quite play light wonder leave any defense. This gun staff if thank save add.', 'password': '!!M!dcJWU8G0'}
2024-03-09 21:36:37,652 Created email address: fsanchez6618@yopmail.com
2024-03-09 21:36:37,652 Fetched OTP: 320167
2024-03-09 21:36:41,640 Downloaded profile image: profile_picture.jpg
2024-03-09 21:38:58,260 Starting account creation process
2024-03-09 21:38:58,361 Generated user details: {'full_name': 'Eric Perez', 'username': 'janet51', 'instagram_username': '@janet51', 'bio': 'Country eat positive. Collection will Republican free because gun.\nYoung cultural talk risk sound. Leg note right as far. Investment dog start blood.', 'password': '^09xiWgb)SWM'}
2024-03-09 21:38:58,361 Created email address: janet512499@yopmail.com
2024-03-09 21:38:58,361 Fetched OTP: 492502
2024-03-09 21:39:00,379 Downloaded profile image: profile_picture.jpg
2024-03-09 21:51:14,158 Starting account creation process
2024-03-09 21:51:14,285 Generated user details: {'full_name': 'Samantha Taylor', 'username': 'grantjenna', 'instagram_username': '@grantjenna', 'bio': 'Thousand day decide yeah beyond development shake. Plan chance officer store of society down author. Type fall page candidate.', 'password': '!P0TyQkoQgLv'}
2024-03-09 21:51:14,285 Created email address: grantjenna8834@yopmail.com
2024-03-09 21:51:14,285 Fetched OTP: 187840
2024-03-09 21:51:16,906 Downloaded profile image: profile_picture.jpg
2024-03-09 21:51:39,589 Account creation status: False
2024-03-09 21:51:39,591 Account creation process completed
2024-03-09 21:54:36,993 Starting account creation process
2024-03-09 21:54:37,080 Generated user details: {'full_name': 'Robin Fitzgerald', 'username': 'nlester', 'instagram_username': '@nlester', 'bio': 'Though television fish threat board senior out. Industry let nor nature else leg poor.', 'password': '$A1#JbW7+27z'}
2024-03-09 21:54:37,080 Created email address: nlester5554@yopmail.com
2024-03-09 21:54:37,080 Fetched OTP: 467974
2024-03-09 21:54:40,992 Downloaded profile image: profile_picture.jpg
2024-03-09 21:55:03,684 Account creation status: False
2024-03-09 21:55:03,684 Account creation process completed
2024-03-09 22:33:40,820 Starting account creation process
2024-03-09 22:33:42,373 Generated user details: {'full_name': 'John White', 'username': 'cindy80', 'instagram_username': '@cindy80', 'bio': 'Ago can major quickly. Mention identify spend character these.', 'password': 'B6)%YjIg%MS9'}
2024-03-09 22:33:42,373 Created email address: cindy805874@yopmail.com
2024-03-09 22:33:45,935 Fetched OTP: None
2024-03-09 22:33:47,376 Downloaded profile image: profile_picture.jpg
2024-03-09 22:34:03,696 Starting account creation process
2024-03-09 22:34:04,899 Generated user details: {'full_name': 'Elizabeth Wagner', 'username': 'jeromehaney', 'instagram_username': '@jeromehaney', 'bio': 'Owner explain through item third air. Door morning step guess later parent police. Ten ten save according.', 'password': 'o7AIAPoY*6h6'}
2024-03-09 22:34:04,899 Created email address: jeromehaney2257@yopmail.com
2024-03-09 22:34:08,378 Fetched OTP: None
2024-03-09 22:34:09,786 Downloaded profile image: profile_picture.jpg
2024-03-09 22:35:46,732 Starting account creation process
2024-03-09 22:35:47,977 Generated user details: {'full_name': 'Adam Walters', 'username': 'llucero', 'instagram_username': '@llucero', 'bio': 'Name shake major speak point behavior behavior. Later determine century involve parent throughout me.', 'password': '9yAekaZB+2mX'}
2024-03-09 22:35:47,978 Created email address: llucero4060@yopmail.com
2024-03-09 22:35:52,246 Fetched OTP: None
2024-03-09 22:35:53,509 Downloaded profile image: profile_picture.jpg
2024-03-09 22:42:19,026 Generated user details: {'full_name': 'John Patton', 'username': 'carpenterdenise', 'instagram_username': '@carpenterdenise', 'bio': 'Mr course seat represent me wish management foot.', 'password': '+m6ArB6oh%S7'}
2024-03-09 22:42:19,026 Created email address: carpenterdenise0761@yopmail.com
2024-03-09 22:42:22,427 Fetched OTP: None
2024-03-09 22:42:23,861 Downloaded profile image: profile_picture.jpg
2024-03-09 22:42:49,708 Account creation status: False
2024-03-09 22:42:49,713 Account creation process completed
2024-03-09 22:42:53,767 Retrying (Retry(total=2, connect=None, read=None, redirect=None, status=None)) after connection broken by 'NewConnectionError('<urllib3.connection.HTTPConnection object at 0x000001F5A0DD9190>: Failed to establish a new connection: [WinError 10061] No connection could be made because the target machine actively refused it')': /session/0f5b85fc71052e3886f7e4fd02ff4a98
2024-03-09 22:42:57,826 Retrying (Retry(total=1, connect=None, read=None, redirect=None, status=None)) after connection broken by 'NewConnectionError('<urllib3.connection.HTTPConnection object at 0x000001F5A0DD8FE0>: Failed to establish a new connection: [WinError 10061] No connection could be made because the target machine actively refused it')': /session/0f5b85fc71052e3886f7e4fd02ff4a98
2024-03-09 22:43:01,894 Retrying (Retry(total=0, connect=None, read=None, redirect=None, status=None)) after connection broken by 'NewConnectionError('<urllib3.connection.HTTPConnection object at 0x000001F5A0DD93D0>: Failed to establish a new connection: [WinError 10061] No connection could be made because the target machine actively refused it')': /session/0f5b85fc71052e3886f7e4fd02ff4a98
2024-03-09 22:45:03,762 Generated user details: {'full_name': 'Robert Barton', 'username': 'christophertrujillo', 'instagram_username': '@christophertrujillo', 'bio': 'Activity miss politics win behavior. Hear father ten all professor cover crime. Radio finish send speak.', 'password': '4+8dSs9gpD_d'}
2024-03-09 22:45:03,762 Created email address: christophertrujillo8627@yopmail.com
2024-03-09 22:45:06,389 Fetched OTP: None
2024-03-09 22:45:07,651 Downloaded profile image: profile_picture.jpg
2024-03-09 22:45:32,823 Account creation status: False
2024-03-09 22:45:32,823 Account creation process completed
2024-03-09 22:45:36,896 Retrying (Retry(total=2, connect=None, read=None, redirect=None, status=None)) after connection broken by 'NewConnectionError('<urllib3.connection.HTTPConnection object at 0x000001C8B7858C20>: Failed to establish a new connection: [WinError 10061] No connection could be made because the target machine actively refused it')': /session/0253b185d854bfac29c902d9557dcf84
2024-03-09 22:45:40,981 Retrying (Retry(total=1, connect=None, read=None, redirect=None, status=None)) after connection broken by 'NewConnectionError('<urllib3.connection.HTTPConnection object at 0x000001C8B7858FE0>: Failed to establish a new connection: [WinError 10061] No connection could be made because the target machine actively refused it')': /session/0253b185d854bfac29c902d9557dcf84
2024-03-09 22:45:45,045 Retrying (Retry(total=0, connect=None, read=None, redirect=None, status=None)) after connection broken by 'NewConnectionError('<urllib3.connection.HTTPConnection object at 0x000001C8B78591F0>: Failed to establish a new connection: [WinError 10061] No connection could be made because the target machine actively refused it')': /session/0253b185d854bfac29c902d9557dcf84
2024-03-09 22:55:41,728 Generated user details: {'full_name': 'Don Smith', 'username': 'hollowaycrystal', 'instagram_username': '@hollowaycrystal', 'bio': 'Close check trade big. Do parent fact blue expect. Hear city enjoy ok.', 'password': '!!7&*Prh8LxN'}
2024-03-09 22:55:41,728 Created email address: hollowaycrystal1647@yopmail.com
2024-03-09 22:55:46,660 Fetched OTP: None
2024-03-09 22:55:48,082 Downloaded profile image: profile_picture.jpg
2024-03-09 22:56:03,001 Account creation status: False
2024-03-09 22:56:03,001 Account creation process completed
2024-03-09 22:56:07,075 Retrying (Retry(total=2, connect=None, read=None, redirect=None, status=None)) after connection broken by 'NewConnectionError('<urllib3.connection.HTTPConnection object at 0x000001F3ADC68CB0>: Failed to establish a new connection: [WinError 10061] No connection could be made because the target machine actively refused it')': /session/685b4735498c6b7461943c3920e10433
2024-03-09 22:56:11,136 Retrying (Retry(total=1, connect=None, read=None, redirect=None, status=None)) after connection broken by 'NewConnectionError('<urllib3.connection.HTTPConnection object at 0x000001F3ADC69040>: Failed to establish a new connection: [WinError 10061] No connection could be made because the target machine actively refused it')': /session/685b4735498c6b7461943c3920e10433
2024-03-09 22:56:15,214 Retrying (Retry(total=0, connect=None, read=None, redirect=None, status=None)) after connection broken by 'NewConnectionError('<urllib3.connection.HTTPConnection object at 0x000001F3ADC69220>: Failed to establish a new connection: [WinError 10061] No connection could be made because the target machine actively refused it')': /session/685b4735498c6b7461943c3920e10433
2024-03-09 22:57:14,600 Generated user details: {'full_name': 'Nancy Maddox', 'username': 'hendersonraymond', 'instagram_username': '@hendersonraymond', 'bio': 'Decision give lot culture. Cold education community big focus. Learn foreign data require bit year.', 'password': 'YOuJaojMH9u$'}
2024-03-09 22:57:14,600 Created email address: hendersonraymond0112@yopmail.com
2024-03-09 22:57:17,843 Fetched OTP: None
2024-03-09 22:57:19,120 Downloaded profile image: profile_picture.jpg
2024-03-09 22:57:34,063 Account creation status: False
2024-03-09 22:57:34,063 Account creation process completed
2024-03-09 22:57:38,141 Retrying (Retry(total=2, connect=None, read=None, redirect=None, status=None)) after connection broken by 'NewConnectionError('<urllib3.connection.HTTPConnection object at 0x00000171B8A68E90>: Failed to establish a new connection: [WinError 10061] No connection could be made because the target machine actively refused it')': /session/aa0f1070cf43b7b1a49f461e5ae4ba2d
2024-03-09 22:57:42,247 Retrying (Retry(total=1, connect=None, read=None, redirect=None, status=None)) after connection broken by 'NewConnectionError('<urllib3.connection.HTTPConnection object at 0x00000171B8A68E00>: Failed to establish a new connection: [WinError 10061] No connection could be made because the target machine actively refused it')': /session/aa0f1070cf43b7b1a49f461e5ae4ba2d
2024-03-09 22:57:46,327 Retrying (Retry(total=0, connect=None, read=None, redirect=None, status=None)) after connection broken by 'NewConnectionError('<urllib3.connection.HTTPConnection object at 0x00000171B8A69280>: Failed to establish a new connection: [WinError 10061] No connection could be made because the target machine actively refused it')': /session/aa0f1070cf43b7b1a49f461e5ae4ba2d
2024-03-09 23:06:30,994 Generated user details: {'full_name': 'David Lewis PhD', 'username': 'deborah47', 'instagram_username': '@deborah47', 'bio': 'Song live million attorney yes step could. Section tonight carry consider thought. Heavy onto quality maintain fast them price.', 'password': '@x1TPMu1W0Ne'}
2024-03-09 23:06:30,994 Created email address: deborah477992@yopmail.com
2024-03-09 23:06:35,131 Fetched OTP: None
2024-03-09 23:06:36,448 Downloaded profile image: profile_picture.jpg
2024-03-09 23:06:51,507 Account creation status: False
2024-03-09 23:06:51,507 Account creation process completed
2024-03-09 23:06:55,575 Retrying (Retry(total=2, connect=None, read=None, redirect=None, status=None)) after connection broken by 'NewConnectionError('<urllib3.connection.HTTPConnection object at 0x0000024BC38C8DD0>: Failed to establish a new connection: [WinError 10061] No connection could be made because the target machine actively refused it')': /session/666bfd01ac94540c23fda844ec87dd98
2024-03-09 23:06:59,647 Retrying (Retry(total=1, connect=None, read=None, redirect=None, status=None)) after connection broken by 'NewConnectionError('<urllib3.connection.HTTPConnection object at 0x0000024BC38C9160>: Failed to establish a new connection: [WinError 10061] No connection could be made because the target machine actively refused it')': /session/666bfd01ac94540c23fda844ec87dd98
2024-03-09 23:07:03,717 Retrying (Retry(total=0, connect=None, read=None, redirect=None, status=None)) after connection broken by 'NewConnectionError('<urllib3.connection.HTTPConnection object at 0x0000024BC38C91F0>: Failed to establish a new connection: [WinError 10061] No connection could be made because the target machine actively refused it')': /session/666bfd01ac94540c23fda844ec87dd98
2024-03-09 23:07:27,974 Generated user details: {'full_name': 'Patricia Allen', 'username': 'donna51', 'instagram_username': '@donna51', 'bio': 'Chance reach remember TV. Six while bring middle culture more. Old get late southern.', 'password': '4)wJBuSka08q'}
2024-03-09 23:07:27,974 Created email address: donna514943@yopmail.com
2024-03-09 23:07:31,931 Fetched OTP: None
2024-03-09 23:07:33,135 Downloaded profile image: profile_picture.jpg
2024-03-09 23:07:48,059 Account creation status: False
2024-03-09 23:07:48,060 Account creation process completed
2024-03-09 23:07:52,125 Retrying (Retry(total=2, connect=None, read=None, redirect=None, status=None)) after connection broken by 'NewConnectionError('<urllib3.connection.HTTPConnection object at 0x000002F04C518EC0>: Failed to establish a new connection: [WinError 10061] No connection could be made because the target machine actively refused it')': /session/f1603631872ad42b44369a5ded795dab
2024-03-09 23:07:56,163 Retrying (Retry(total=1, connect=None, read=None, redirect=None, status=None)) after connection broken by 'NewConnectionError('<urllib3.connection.HTTPConnection object at 0x000002F04C519280>: Failed to establish a new connection: [WinError 10061] No connection could be made because the target machine actively refused it')': /session/f1603631872ad42b44369a5ded795dab
2024-03-09 23:08:00,222 Retrying (Retry(total=0, connect=None, read=None, redirect=None, status=None)) after connection broken by 'NewConnectionError('<urllib3.connection.HTTPConnection object at 0x000002F04C519340>: Failed to establish a new connection: [WinError 10061] No connection could be made because the target machine actively refused it')': /session/f1603631872ad42b44369a5ded795dab
2024-03-09 23:11:01,130 Generated user details: {'full_name': 'Nicholas Heath', 'username': 'matthew79', 'instagram_username': '@matthew79', 'bio': 'About over way. Knowledge than defense.\nSome war add. Throughout business raise. Town feeling over including range by.', 'password': '&3WTW3!ez+@B'}
2024-03-09 23:11:01,131 Created email address: matthew798433@yopmail.com
2024-03-09 23:11:04,265 Fetched OTP: None
2024-03-09 23:11:05,392 Downloaded profile image: profile_picture.jpg
2024-03-09 23:11:35,029 Account creation status: False
2024-03-09 23:11:35,029 Account creation process completed
2024-03-09 23:11:39,081 Retrying (Retry(total=2, connect=None, read=None, redirect=None, status=None)) after connection broken by 'NewConnectionError('<urllib3.connection.HTTPConnection object at 0x0000017E2CA58DD0>: Failed to establish a new connection: [WinError 10061] No connection could be made because the target machine actively refused it')': /session/06c92cdf9aa101b104c24cf096495d6b
2024-03-09 23:11:43,168 Retrying (Retry(total=1, connect=None, read=None, redirect=None, status=None)) after connection broken by 'NewConnectionError('<urllib3.connection.HTTPConnection object at 0x0000017E2CA59130>: Failed to establish a new connection: [WinError 10061] No connection could be made because the target machine actively refused it')': /session/06c92cdf9aa101b104c24cf096495d6b
2024-03-09 23:11:47,260 Retrying (Retry(total=0, connect=None, read=None, redirect=None, status=None)) after connection broken by 'NewConnectionError('<urllib3.connection.HTTPConnection object at 0x0000017E2CA59340>: Failed to establish a new connection: [WinError 10061] No connection could be made because the target machine actively refused it')': /session/06c92cdf9aa101b104c24cf096495d6b
2024-03-09 23:14:18,658 Generated user details: {'full_name': 'Kelly Munoz', 'username': 'jonathanbeck', 'instagram_username': '@jonathanbeck', 'bio': 'Question budget for. Over nearly establish test. Technology we long far guess.', 'password': 'IS(f4ZFkpE)*'}
2024-03-09 23:14:18,658 Created email address: jonathanbeck1384@yopmail.com
2024-03-09 23:14:22,081 Fetched OTP: None
2024-03-09 23:14:23,485 Downloaded profile image: profile_picture.jpg
2024-03-09 23:14:53,816 Account creation status: False
2024-03-09 23:14:53,816 Account creation process completed
2024-03-09 23:14:57,886 Retrying (Retry(total=2, connect=None, read=None, redirect=None, status=None)) after connection broken by 'NewConnectionError('<urllib3.connection.HTTPConnection object at 0x0000029176A88DD0>: Failed to establish a new connection: [WinError 10061] No connection could be made because the target machine actively refused it')': /session/171851bd8c1d30b9f4fe2125de848675
2024-03-09 23:15:01,958 Retrying (Retry(total=1, connect=None, read=None, redirect=None, status=None)) after connection broken by 'NewConnectionError('<urllib3.connection.HTTPConnection object at 0x0000029176A89160>: Failed to establish a new connection: [WinError 10061] No connection could be made because the target machine actively refused it')': /session/171851bd8c1d30b9f4fe2125de848675
2024-03-09 23:15:06,027 Retrying (Retry(total=0, connect=None, read=None, redirect=None, status=None)) after connection broken by 'NewConnectionError('<urllib3.connection.HTTPConnection object at 0x0000029176A892B0>: Failed to establish a new connection: [WinError 10061] No connection could be made because the target machine actively refused it')': /session/171851bd8c1d30b9f4fe2125de848675
2024-03-09 23:19:28,704 Generated user details: {'full_name': 'Jacob Moore', 'username': 'gallen', 'instagram_username': '@gallen', 'bio': 'Car consumer wonder half Democrat late so particular. Science reach eight course lead than.', 'password': '!7$+2Iiw83Pd'}
2024-03-09 23:19:28,705 Created email address: gallen5752@yopmail.com
2024-03-09 23:19:36,008 Fetched OTP: None
2024-03-09 23:19:37,339 Downloaded profile image: profile_picture.jpg
2024-03-09 23:20:05,822 Account creation status: False
2024-03-09 23:20:05,822 Account creation process completed
2024-03-09 23:20:09,895 Retrying (Retry(total=2, connect=None, read=None, redirect=None, status=None)) after connection broken by 'NewConnectionError('<urllib3.connection.HTTPConnection object at 0x000001E734FF90A0>: Failed to establish a new connection: [WinError 10061] No connection could be made because the target machine actively refused it')': /session/cc00753d3a3a8df246e0771161958a2d
2024-03-09 23:20:13,961 Retrying (Retry(total=1, connect=None, read=None, redirect=None, status=None)) after connection broken by 'NewConnectionError('<urllib3.connection.HTTPConnection object at 0x000001E734FF9370>: Failed to establish a new connection: [WinError 10061] No connection could be made because the target machine actively refused it')': /session/cc00753d3a3a8df246e0771161958a2d
2024-03-09 23:20:18,028 Retrying (Retry(total=0, connect=None, read=None, redirect=None, status=None)) after connection broken by 'NewConnectionError('<urllib3.connection.HTTPConnection object at 0x000001E734FF9460>: Failed to establish a new connection: [WinError 10061] No connection could be made because the target machine actively refused it')': /session/cc00753d3a3a8df246e0771161958a2d
2024-03-09 23:21:29,138 Generated user details: {'full_name': 'James Berry', 'username': 'knightbrett', 'instagram_username': '@knightbrett', 'bio': 'Available bill necessary seek. Shake close sometimes knowledge change imagine newspaper.', 'password': 'c(1m_CU4VoX_'}
2024-03-09 23:21:29,138 Created email address: knightbrett6387@yopmail.com
2024-03-09 23:21:33,391 Fetched OTP: None
2024-03-09 23:21:34,639 Downloaded profile image: profile_picture.jpg
2024-03-09 23:22:05,200 Account creation status: False
2024-03-09 23:22:05,200 Account creation process completed
2024-03-09 23:22:09,267 Retrying (Retry(total=2, connect=None, read=None, redirect=None, status=None)) after connection broken by 'NewConnectionError('<urllib3.connection.HTTPConnection object at 0x000001C24C468EC0>: Failed to establish a new connection: [WinError 10061] No connection could be made because the target machine actively refused it')': /session/1df7f3e1e51d8884d756fcad1acd9afb
2024-03-09 23:22:13,370 Retrying (Retry(total=1, connect=None, read=None, redirect=None, status=None)) after connection broken by 'NewConnectionError('<urllib3.connection.HTTPConnection object at 0x000001C24C4692B0>: Failed to establish a new connection: [WinError 10061] No connection could be made because the target machine actively refused it')': /session/1df7f3e1e51d8884d756fcad1acd9afb
2024-03-09 23:22:17,436 Retrying (Retry(total=0, connect=None, read=None, redirect=None, status=None)) after connection broken by 'NewConnectionError('<urllib3.connection.HTTPConnection object at 0x000001C24C4690D0>: Failed to establish a new connection: [WinError 10061] No connection could be made because the target machine actively refused it')': /session/1df7f3e1e51d8884d756fcad1acd9afb
2024-03-09 23:31:07,524 Generated user details: {'full_name': 'Cole Brown', 'username': 'shepardjames', 'instagram_username': '@shepardjames', 'bio': 'Whom ask main difficult that. Million my tree central form trouble friend.', 'password': ')Vx4i8yk_IQ+'}
2024-03-09 23:31:07,524 Created email address: shepardjames7528@yopmail.com
2024-03-09 23:31:12,844 Fetched OTP: None
2024-03-09 23:31:14,125 Downloaded profile image: profile_picture.jpg
2024-03-09 23:35:44,204 Generated user details: {'full_name': 'Erica Bailey', 'username': 'wonglauren', 'instagram_username': '@wonglauren', 'bio': 'To degree address manager writer material. Fact Mrs very course consider nature example.', 'password': '@v&tsaDz57Nd'}
2024-03-09 23:35:44,204 Created email address: wonglauren2705@yopmail.com
2024-03-09 23:35:48,325 Fetched OTP: None
2024-03-09 23:35:49,543 Downloaded profile image: profile_picture.jpg
2024-03-09 23:36:19,715 Account creation status: False
2024-03-09 23:36:19,716 Account creation process completed
2024-03-09 23:36:23,809 Retrying (Retry(total=2, connect=None, read=None, redirect=None, status=None)) after connection broken by 'NewConnectionError('<urllib3.connection.HTTPConnection object at 0x000002D257189040>: Failed to establish a new connection: [WinError 10061] No connection could be made because the target machine actively refused it')': /session/8c2fe71ca9cce5236faf0ea7be0062bd
2024-03-09 23:36:27,887 Retrying (Retry(total=1, connect=None, read=None, redirect=None, status=None)) after connection broken by 'NewConnectionError('<urllib3.connection.HTTPConnection object at 0x000002D2571891F0>: Failed to establish a new connection: [WinError 10061] No connection could be made because the target machine actively refused it')': /session/8c2fe71ca9cce5236faf0ea7be0062bd
2024-03-09 23:36:31,988 Retrying (Retry(total=0, connect=None, read=None, redirect=None, status=None)) after connection broken by 'NewConnectionError('<urllib3.connection.HTTPConnection object at 0x000002D2571891C0>: Failed to establish a new connection: [WinError 10061] No connection could be made because the target machine actively refused it')': /session/8c2fe71ca9cce5236faf0ea7be0062bd
2024-03-09 23:37:26,685 Generated user details: {'full_name': 'Lisa Webster', 'username': 'samuel31', 'instagram_username': '@samuel31', 'bio': 'Response morning dark ask such page. Practice court training stuff visit they fill indicate. Professional matter voice teach item.', 'password': '+rJrGrsg98$2'}
2024-03-09 23:37:26,685 Created email address: samuel316947@yopmail.com
2024-03-09 23:37:29,568 Fetched OTP: None
2024-03-09 23:37:30,851 Downloaded profile image: profile_picture.jpg
2024-03-09 23:37:59,581 Account creation status: False
2024-03-09 23:37:59,581 Account creation process completed
2024-03-09 23:38:03,654 Retrying (Retry(total=2, connect=None, read=None, redirect=None, status=None)) after connection broken by 'NewConnectionError('<urllib3.connection.HTTPConnection object at 0x00000287B2599370>: Failed to establish a new connection: [WinError 10061] No connection could be made because the target machine actively refused it')': /session/d7e3e943fa491389af8fe598ebd27972
2024-03-09 23:38:07,730 Retrying (Retry(total=1, connect=None, read=None, redirect=None, status=None)) after connection broken by 'NewConnectionError('<urllib3.connection.HTTPConnection object at 0x00000287B2599340>: Failed to establish a new connection: [WinError 10061] No connection could be made because the target machine actively refused it')': /session/d7e3e943fa491389af8fe598ebd27972
2024-03-09 23:38:11,824 Retrying (Retry(total=0, connect=None, read=None, redirect=None, status=None)) after connection broken by 'NewConnectionError('<urllib3.connection.HTTPConnection object at 0x00000287B25995E0>: Failed to establish a new connection: [WinError 10061] No connection could be made because the target machine actively refused it')': /session/d7e3e943fa491389af8fe598ebd27972
2024-03-09 23:40:53,861 Generated user details: {'full_name': 'Erin Weeks', 'username': 'krista51', 'instagram_username': '@krista51', 'bio': 'Eye tonight pull here despite open movement. Exist another sometimes either perform better area western. Daughter land miss call word these open.', 'password': '6DhGjW!+$X_M'}
2024-03-09 23:40:53,861 Created email address: krista514051@yopmail.com
2024-03-09 23:40:57,739 Fetched OTP: None
2024-03-09 23:40:59,016 Downloaded profile image: profile_picture.jpg
2024-03-09 23:41:27,278 Account creation status: False
2024-03-09 23:41:27,278 Account creation process completed
2024-03-09 23:41:31,348 Retrying (Retry(total=2, connect=None, read=None, redirect=None, status=None)) after connection broken by 'NewConnectionError('<urllib3.connection.HTTPConnection object at 0x0000024CE9A18E30>: Failed to establish a new connection: [WinError 10061] No connection could be made because the target machine actively refused it')': /session/8fc4d3ccd1499d7d48761db1f94f4cd9
2024-03-09 23:41:35,421 Retrying (Retry(total=1, connect=None, read=None, redirect=None, status=None)) after connection broken by 'NewConnectionError('<urllib3.connection.HTTPConnection object at 0x0000024CE9A19130>: Failed to establish a new connection: [WinError 10061] No connection could be made because the target machine actively refused it')': /session/8fc4d3ccd1499d7d48761db1f94f4cd9
2024-03-09 23:41:39,494 Retrying (Retry(total=0, connect=None, read=None, redirect=None, status=None)) after connection broken by 'NewConnectionError('<urllib3.connection.HTTPConnection object at 0x0000024CE9A193D0>: Failed to establish a new connection: [WinError 10061] No connection could be made because the target machine actively refused it')': /session/8fc4d3ccd1499d7d48761db1f94f4cd9
2024-03-09 23:44:03,108 Generated user details: {'full_name': 'Lisa Whitaker', 'username': 'joshua68', 'instagram_username': '@joshua68', 'bio': 'A my rock style would heart close. Subject result serious do moment security recognize country. White air improve win mention.', 'password': 'h$GP8wtW)#5D'}
2024-03-09 23:44:03,109 Created email address: joshua682259@yopmail.com
2024-03-09 23:44:07,028 Fetched OTP: None
2024-03-09 23:44:08,448 Downloaded profile image: profile_picture.jpg
2024-03-09 23:44:38,889 Account creation status: False
2024-03-09 23:44:38,889 Account creation process completed
2024-03-09 23:44:42,953 Retrying (Retry(total=2, connect=None, read=None, redirect=None, status=None)) after connection broken by 'NewConnectionError('<urllib3.connection.HTTPConnection object at 0x0000021A96AE8DA0>: Failed to establish a new connection: [WinError 10061] No connection could be made because the target machine actively refused it')': /session/1ebb0730f9490b28a3075feda68e050d
2024-03-09 23:44:47,020 Retrying (Retry(total=1, connect=None, read=None, redirect=None, status=None)) after connection broken by 'NewConnectionError('<urllib3.connection.HTTPConnection object at 0x0000021A96AE9130>: Failed to establish a new connection: [WinError 10061] No connection could be made because the target machine actively refused it')': /session/1ebb0730f9490b28a3075feda68e050d
2024-03-09 23:44:51,084 Retrying (Retry(total=0, connect=None, read=None, redirect=None, status=None)) after connection broken by 'NewConnectionError('<urllib3.connection.HTTPConnection object at 0x0000021A96AE91C0>: Failed to establish a new connection: [WinError 10061] No connection could be made because the target machine actively refused it')': /session/1ebb0730f9490b28a3075feda68e050d
2024-03-09 23:52:20,540 Generated user details: {'full_name': 'Natasha Lin', 'username': 'codyfisher', 'instagram_username': '@codyfisher', 'bio': 'Prove girl professor popular fire head natural. Inside our work especially region state prevent. Color religious which officer.', 'password': '_SvlarV40BGW'}
2024-03-09 23:52:20,541 Created email address: codyfisher0429@yopmail.com
2024-03-09 23:52:25,126 Fetched OTP: None
2024-03-09 23:52:26,492 Downloaded profile image: profile_picture.jpg
2024-03-09 23:52:56,324 Account creation status: False
2024-03-09 23:52:56,324 Account creation process completed
2024-03-09 23:53:00,417 Retrying (Retry(total=2, connect=None, read=None, redirect=None, status=None)) after connection broken by 'NewConnectionError('<urllib3.connection.HTTPConnection object at 0x0000021955388D10>: Failed to establish a new connection: [WinError 10061] No connection could be made because the target machine actively refused it')': /session/289963b56f795fb3ba9dbb565e38c32c
2024-03-09 23:53:04,497 Retrying (Retry(total=1, connect=None, read=None, redirect=None, status=None)) after connection broken by 'NewConnectionError('<urllib3.connection.HTTPConnection object at 0x00000219553890A0>: Failed to establish a new connection: [WinError 10061] No connection could be made because the target machine actively refused it')': /session/289963b56f795fb3ba9dbb565e38c32c
2024-03-09 23:53:08,561 Retrying (Retry(total=0, connect=None, read=None, redirect=None, status=None)) after connection broken by 'NewConnectionError('<urllib3.connection.HTTPConnection object at 0x0000021955389220>: Failed to establish a new connection: [WinError 10061] No connection could be made because the target machine actively refused it')': /session/289963b56f795fb3ba9dbb565e38c32c
2024-03-09 23:59:55,870 Generated user details: {'full_name': 'Shaun Hamilton', 'username': 'merrittvictor', 'instagram_username': '@merrittvictor', 'bio': 'Tough purpose marriage increase by mention. Wrong have support morning through. Him majority specific environmental option building begin physical.', 'password': '*dWmKidpb2FH'}
2024-03-09 23:59:55,870 Created email address: merrittvictor7878@yopmail.com
2024-03-09 23:59:59,826 Fetched OTP: None
2024-03-10 00:00:01,769 Downloaded profile image: profile_picture.jpg
2024-03-10 00:00:34,425 Generated user details: {'full_name': 'Brianna Turner PhD', 'username': 'laurenshannon', 'instagram_username': '@laurenshannon', 'bio': 'City great tend newspaper he prove just. Reason newspaper reach fast never upon. Agree technology surface fine.\nWhen rock throw rather.', 'password': '4POnO@Xg)N_K'}
2024-03-10 00:00:34,425 Created email address: laurenshannon7570@yopmail.com
2024-03-10 00:00:38,531 Fetched OTP: None
2024-03-10 00:00:39,679 Downloaded profile image: profile_picture.jpg
2024-03-10 00:01:11,574 Account creation status: False
2024-03-10 00:01:11,574 Account creation process completed
2024-03-10 00:01:15,636 Retrying (Retry(total=2, connect=None, read=None, redirect=None, status=None)) after connection broken by 'NewConnectionError('<urllib3.connection.HTTPConnection object at 0x000002B7BE608E00>: Failed to establish a new connection: [WinError 10061] No connection could be made because the target machine actively refused it')': /session/6028965c6f43cf6c6d8904e3e5d27bec
2024-03-10 00:01:19,714 Retrying (Retry(total=1, connect=None, read=None, redirect=None, status=None)) after connection broken by 'NewConnectionError('<urllib3.connection.HTTPConnection object at 0x000002B7BE609190>: Failed to establish a new connection: [WinError 10061] No connection could be made because the target machine actively refused it')': /session/6028965c6f43cf6c6d8904e3e5d27bec
2024-03-10 00:01:23,780 Retrying (Retry(total=0, connect=None, read=None, redirect=None, status=None)) after connection broken by 'NewConnectionError('<urllib3.connection.HTTPConnection object at 0x000002B7BE609220>: Failed to establish a new connection: [WinError 10061] No connection could be made because the target machine actively refused it')': /session/6028965c6f43cf6c6d8904e3e5d27bec
2024-03-10 00:03:25,593 Generated user details: {'full_name': 'Karen Hernandez', 'username': 'psmith', 'instagram_username': '@psmith', 'bio': 'Citizen could off when agency. Better real let may. Out human may expect available coach bad.', 'password': '8YLCEDJPm1$w'}
2024-03-10 00:03:25,593 Created email address: psmith4486@yopmail.com
2024-03-10 00:03:28,618 Fetched OTP: None
2024-03-10 00:03:29,790 Downloaded profile image: profile_picture.jpg
2024-03-10 00:03:58,707 Account creation status: False
2024-03-10 00:03:58,707 Account creation process completed
2024-03-10 00:04:02,771 Retrying (Retry(total=2, connect=None, read=None, redirect=None, status=None)) after connection broken by 'NewConnectionError('<urllib3.connection.HTTPConnection object at 0x00000245F9358E60>: Failed to establish a new connection: [WinError 10061] No connection could be made because the target machine actively refused it')': /session/81215327258be783db64cc1366da6473
2024-03-10 00:04:06,838 Retrying (Retry(total=1, connect=None, read=None, redirect=None, status=None)) after connection broken by 'NewConnectionError('<urllib3.connection.HTTPConnection object at 0x00000245F9359160>: Failed to establish a new connection: [WinError 10061] No connection could be made because the target machine actively refused it')': /session/81215327258be783db64cc1366da6473
2024-03-10 00:04:10,910 Retrying (Retry(total=0, connect=None, read=None, redirect=None, status=None)) after connection broken by 'NewConnectionError('<urllib3.connection.HTTPConnection object at 0x00000245F93592B0>: Failed to establish a new connection: [WinError 10061] No connection could be made because the target machine actively refused it')': /session/81215327258be783db64cc1366da6473
2024-03-10 00:04:31,669 Generated user details: {'full_name': 'Kimberly Turner', 'username': 'triley', 'instagram_username': '@triley', 'bio': 'North floor citizen science bed community. Physical follow performance change control instead. Play down under red.', 'password': 'bW*yh_Q(MN1N'}
2024-03-10 00:04:31,669 Created email address: triley9779@yopmail.com
2024-03-10 00:04:35,555 Fetched OTP: None
2024-03-10 00:04:36,790 Downloaded profile image: profile_picture.jpg
2024-03-10 00:06:43,326 Generated user details: {'full_name': 'Derek King', 'username': 'reyesdennis', 'instagram_username': '@reyesdennis', 'bio': 'During soon part more wrong newspaper lot actually. Either sometimes commercial author analysis.', 'password': 'WUyNFsjV9)j4'}
2024-03-10 00:06:43,326 Created email address: reyesdennis8391@yopmail.com
2024-03-10 00:06:47,530 Fetched OTP: None
2024-03-10 00:06:48,728 Downloaded profile image: profile_picture.jpg
2024-03-10 00:07:18,964 Account creation status: False
2024-03-10 00:07:18,964 Account creation process completed
2024-03-10 00:07:23,073 Retrying (Retry(total=2, connect=None, read=None, redirect=None, status=None)) after connection broken by 'NewConnectionError('<urllib3.connection.HTTPConnection object at 0x000002D968AB8FB0>: Failed to establish a new connection: [WinError 10061] No connection could be made because the target machine actively refused it')': /session/c7355c19df0421f6c008dc214fecec14
2024-03-10 00:07:27,154 Retrying (Retry(total=1, connect=None, read=None, redirect=None, status=None)) after connection broken by 'NewConnectionError('<urllib3.connection.HTTPConnection object at 0x000002D968AB92E0>: Failed to establish a new connection: [WinError 10061] No connection could be made because the target machine actively refused it')': /session/c7355c19df0421f6c008dc214fecec14
2024-03-10 00:07:31,204 Retrying (Retry(total=0, connect=None, read=None, redirect=None, status=None)) after connection broken by 'NewConnectionError('<urllib3.connection.HTTPConnection object at 0x000002D968AB9430>: Failed to establish a new connection: [WinError 10061] No connection could be made because the target machine actively refused it')': /session/c7355c19df0421f6c008dc214fecec14
2024-03-10 00:07:38,232 Generated user details: {'full_name': 'Tiffany Mcguire', 'username': 'perezaaron', 'instagram_username': '@perezaaron', 'bio': 'Her trial suddenly oil subject sound four month. Say tree beautiful mean.', 'password': 'J(U5NUw!_m9F'}
2024-03-10 00:07:38,232 Created email address: perezaaron8463@yopmail.com
2024-03-10 00:07:59,770 Generated user details: {'full_name': 'Benjamin Anderson', 'username': 'todd48', 'instagram_username': '@todd48', 'bio': 'Window myself fine. Amount service consider central population fill. Computer skin effort behind far fund.', 'password': 'kc6#z&DEjCdA'}
2024-03-10 00:07:59,770 Created email address: todd481255@yopmail.com
2024-03-10 00:08:13,896 Fetched OTP: None
2024-03-10 00:08:15,132 Downloaded profile image: profile_picture.jpg
2024-03-10 00:08:44,838 Account creation status: False
2024-03-10 00:08:44,838 Account creation process completed
2024-03-10 00:08:48,907 Retrying (Retry(total=2, connect=None, read=None, redirect=None, status=None)) after connection broken by 'NewConnectionError('<urllib3.connection.HTTPConnection object at 0x000001BD44688DA0>: Failed to establish a new connection: [WinError 10061] No connection could be made because the target machine actively refused it')': /session/60ccd9fc6ba532f8b92ca8de77b91b6f
2024-03-10 00:08:52,979 Retrying (Retry(total=1, connect=None, read=None, redirect=None, status=None)) after connection broken by 'NewConnectionError('<urllib3.connection.HTTPConnection object at 0x000001BD44688D10>: Failed to establish a new connection: [WinError 10061] No connection could be made because the target machine actively refused it')': /session/60ccd9fc6ba532f8b92ca8de77b91b6f
2024-03-10 00:08:57,057 Retrying (Retry(total=0, connect=None, read=None, redirect=None, status=None)) after connection broken by 'NewConnectionError('<urllib3.connection.HTTPConnection object at 0x000001BD44689400>: Failed to establish a new connection: [WinError 10061] No connection could be made because the target machine actively refused it')': /session/60ccd9fc6ba532f8b92ca8de77b91b6f
2024-03-10 00:11:08,516 Generated user details: {'full_name': 'Leslie Hoffman', 'username': 'ritamiranda', 'instagram_username': '@ritamiranda', 'bio': 'Ability through long now final hotel computer. Care ready hit require PM cause.', 'password': 'A48#S$VzP5EP'}
2024-03-10 00:11:08,516 Created email address: ritamiranda7649@yopmail.com
2024-03-10 00:11:12,642 Fetched OTP: None
2024-03-10 00:11:13,865 Downloaded profile image: profile_picture.jpg
2024-03-10 00:11:45,170 Account creation status: False
2024-03-10 00:11:45,171 Account creation process completed
2024-03-10 00:11:49,247 Retrying (Retry(total=2, connect=None, read=None, redirect=None, status=None)) after connection broken by 'NewConnectionError('<urllib3.connection.HTTPConnection object at 0x000002885E3692B0>: Failed to establish a new connection: [WinError 10061] No connection could be made because the target machine actively refused it')': /session/625191e9842edc88ecd1687d16c34600
2024-03-10 00:11:53,328 Retrying (Retry(total=1, connect=None, read=None, redirect=None, status=None)) after connection broken by 'NewConnectionError('<urllib3.connection.HTTPConnection object at 0x000002885E3692E0>: Failed to establish a new connection: [WinError 10061] No connection could be made because the target machine actively refused it')': /session/625191e9842edc88ecd1687d16c34600
2024-03-10 00:11:57,403 Retrying (Retry(total=0, connect=None, read=None, redirect=None, status=None)) after connection broken by 'NewConnectionError('<urllib3.connection.HTTPConnection object at 0x000002885E369430>: Failed to establish a new connection: [WinError 10061] No connection could be made because the target machine actively refused it')': /session/625191e9842edc88ecd1687d16c34600
2024-03-10 00:20:32,290 Generated user details: {'full_name': 'Thomas Bautista', 'username': 'edward92', 'instagram_username': '@edward92', 'bio': 'Now huge main instead data. Friend why act more capital. Avoid PM gas oil base most president trade. So food can professor research year.', 'password': '^t2ZYOpq(@2v'}
2024-03-10 00:20:32,290 Created email address: edward923260@yopmail.com
2024-03-10 00:20:36,385 Fetched OTP: None
2024-03-10 00:20:37,713 Downloaded profile image: profile_picture.jpg
2024-03-10 00:21:07,323 Account creation status: False
2024-03-10 00:21:07,325 Account creation process completed
2024-03-10 00:21:11,418 Retrying (Retry(total=2, connect=None, read=None, redirect=None, status=None)) after connection broken by 'NewConnectionError('<urllib3.connection.HTTPConnection object at 0x000002174C3F8F50>: Failed to establish a new connection: [WinError 10061] No connection could be made because the target machine actively refused it')': /session/bcf78c436ea371cf95079da6f2d1fad4
2024-03-10 00:21:25,675 Generated user details: {'full_name': 'Briana Collins', 'username': 'allenleah', 'instagram_username': '@allenleah', 'bio': 'Investment him difference choose. Chance possible subject dinner despite.\nCentral bad traditional project. Decision relate current good with alone.', 'password': ')k4E3Yf1s%9%'}
2024-03-10 00:21:25,675 Created email address: allenleah3063@yopmail.com
2024-03-10 00:21:29,558 Fetched OTP: None
2024-03-10 00:21:30,691 Downloaded profile image: profile_picture.jpg
2024-03-10 00:22:00,422 Account creation status: False
2024-03-10 00:22:00,422 Account creation process completed
2024-03-10 00:22:04,490 Retrying (Retry(total=2, connect=None, read=None, redirect=None, status=None)) after connection broken by 'NewConnectionError('<urllib3.connection.HTTPConnection object at 0x000002116F3D90A0>: Failed to establish a new connection: [WinError 10061] No connection could be made because the target machine actively refused it')': /session/aa63d1ffc742ae7cf34c27e695f950dc
2024-03-10 00:22:08,552 Retrying (Retry(total=1, connect=None, read=None, redirect=None, status=None)) after connection broken by 'NewConnectionError('<urllib3.connection.HTTPConnection object at 0x000002116F3D9490>: Failed to establish a new connection: [WinError 10061] No connection could be made because the target machine actively refused it')': /session/aa63d1ffc742ae7cf34c27e695f950dc
2024-03-10 00:22:12,616 Retrying (Retry(total=0, connect=None, read=None, redirect=None, status=None)) after connection broken by 'NewConnectionError('<urllib3.connection.HTTPConnection object at 0x000002116F3D95B0>: Failed to establish a new connection: [WinError 10061] No connection could be made because the target machine actively refused it')': /session/aa63d1ffc742ae7cf34c27e695f950dc
2024-03-10 00:26:00,206 Generated user details: {'full_name': 'Kenneth Villa', 'username': 'jessica05', 'instagram_username': '@jessica05', 'bio': 'See kind operation mention. Business catch speech. Plant science after expert like small.\nAccept culture face plant his.', 'password': 'Yy0PTteU@R1@'}
2024-03-10 00:26:00,206 Created email address: jessica050153@yopmail.com
2024-03-10 00:26:04,666 Fetched OTP: None
2024-03-10 00:26:06,339 Downloaded profile image: profile_picture.jpg
2024-03-10 00:26:31,731 Account creation status: None
2024-03-10 00:26:31,731 Account creation process completed
2024-03-10 00:26:35,806 Retrying (Retry(total=2, connect=None, read=None, redirect=None, status=None)) after connection broken by 'NewConnectionError('<urllib3.connection.HTTPConnection object at 0x000001A2DFF88FE0>: Failed to establish a new connection: [WinError 10061] No connection could be made because the target machine actively refused it')': /session/3fdaa713f16bd08eb9f1830b92508ab9
2024-03-10 00:26:39,882 Retrying (Retry(total=1, connect=None, read=None, redirect=None, status=None)) after connection broken by 'NewConnectionError('<urllib3.connection.HTTPConnection object at 0x000001A2DFF89010>: Failed to establish a new connection: [WinError 10061] No connection could be made because the target machine actively refused it')': /session/3fdaa713f16bd08eb9f1830b92508ab9
2024-03-10 00:26:43,963 Retrying (Retry(total=0, connect=None, read=None, redirect=None, status=None)) after connection broken by 'NewConnectionError('<urllib3.connection.HTTPConnection object at 0x000001A2DFF891F0>: Failed to establish a new connection: [WinError 10061] No connection could be made because the target machine actively refused it')': /session/3fdaa713f16bd08eb9f1830b92508ab9
2024-03-10 00:32:07,638 Generated user details: {'full_name': 'Andrew Hansen Jr.', 'username': 'johnwillis', 'instagram_username': '@johnwillis', 'bio': 'Him agree course movement generation. I note turn.\nProfessor production focus believe.', 'password': '2vzKV1_SKZc_'}
2024-03-10 00:32:07,638 Created email address: johnwillis4846@yopmail.com
2024-03-10 00:32:11,418 Fetched OTP: None
2024-03-10 00:32:13,324 Downloaded profile image: profile_picture.jpg
2024-03-10 00:32:53,324 Account creation status: None
2024-03-10 00:32:53,324 Account creation process completed
2024-03-10 00:32:57,381 Retrying (Retry(total=2, connect=None, read=None, redirect=None, status=None)) after connection broken by 'NewConnectionError('<urllib3.connection.HTTPConnection object at 0x00000177824B91C0>: Failed to establish a new connection: [WinError 10061] No connection could be made because the target machine actively refused it')': /session/5b9e5ea77e30469f89a8deb70052cb3a
2024-03-10 00:33:01,470 Retrying (Retry(total=1, connect=None, read=None, redirect=None, status=None)) after connection broken by 'NewConnectionError('<urllib3.connection.HTTPConnection object at 0x00000177824B8FB0>: Failed to establish a new connection: [WinError 10061] No connection could be made because the target machine actively refused it')': /session/5b9e5ea77e30469f89a8deb70052cb3a
2024-03-10 00:33:05,537 Retrying (Retry(total=0, connect=None, read=None, redirect=None, status=None)) after connection broken by 'NewConnectionError('<urllib3.connection.HTTPConnection object at 0x00000177824B9310>: Failed to establish a new connection: [WinError 10061] No connection could be made because the target machine actively refused it')': /session/5b9e5ea77e30469f89a8deb70052cb3a
2024-03-10 00:47:49,863 Generated user details: {'full_name': 'Jason Kramer', 'username': 'maria07', 'instagram_username': '@maria07', 'bio': 'Religious fund through then pull something travel. Financial picture hope old fund also.', 'password': '$^3m_elmrLXS'}
2024-03-10 00:47:49,863 Created email address: maria079573@yopmail.com
2024-03-10 00:47:52,766 Fetched OTP: None
2024-03-10 00:47:54,585 Downloaded profile image: profile_picture.jpg
2024-03-10 00:48:32,697 Account creation status: None
2024-03-10 00:48:32,697 Account creation process completed
2024-03-10 00:48:36,734 Retrying (Retry(total=2, connect=None, read=None, redirect=None, status=None)) after connection broken by 'NewConnectionError('<urllib3.connection.HTTPConnection object at 0x000001E55B0B9130>: Failed to establish a new connection: [WinError 10061] No connection could be made because the target machine actively refused it')': /session/ddc2394950fc009133e1c77391bc2754
2024-03-10 00:48:40,795 Retrying (Retry(total=1, connect=None, read=None, redirect=None, status=None)) after connection broken by 'NewConnectionError('<urllib3.connection.HTTPConnection object at 0x000001E55B0B92B0>: Failed to establish a new connection: [WinError 10061] No connection could be made because the target machine actively refused it')': /session/ddc2394950fc009133e1c77391bc2754
2024-03-10 00:48:44,868 Retrying (Retry(total=0, connect=None, read=None, redirect=None, status=None)) after connection broken by 'NewConnectionError('<urllib3.connection.HTTPConnection object at 0x000001E55B0B9070>: Failed to establish a new connection: [WinError 10061] No connection could be made because the target machine actively refused it')': /session/ddc2394950fc009133e1c77391bc2754
2024-03-10 00:50:06,936 Generated user details: {'full_name': 'Christy Ayala', 'username': 'downsbarbara', 'instagram_username': '@downsbarbara', 'bio': 'Can half gun kind thus around born. Officer collection music draw national group that. Message their quickly son three.', 'password': '$32ztSgwa361'}
2024-03-10 00:50:06,936 Created email address: downsbarbara8218@yopmail.com
2024-03-10 00:50:11,426 Fetched OTP: None
2024-03-10 00:50:13,135 Downloaded profile image: profile_picture.jpg
2024-03-10 00:54:53,789 Generated user details: {'full_name': 'Devin Bryant', 'username': 'sholloway', 'instagram_username': '@sholloway', 'bio': 'Rule force discuss. Dinner allow million need population cultural hotel by.', 'password': '2Mf1)JZlW*UJ'}
2024-03-10 00:54:53,789 Created email address: sholloway3367@yopmail.com
2024-03-10 00:54:58,686 Fetched OTP: None
2024-03-10 00:55:00,450 Downloaded profile image: profile_picture.jpg
2024-03-10 00:55:38,801 Account creation status: None
2024-03-10 00:55:38,801 Account creation process completed
2024-03-10 00:55:42,893 Retrying (Retry(total=2, connect=None, read=None, redirect=None, status=None)) after connection broken by 'NewConnectionError('<urllib3.connection.HTTPConnection object at 0x000001EAB2289340>: Failed to establish a new connection: [WinError 10061] No connection could be made because the target machine actively refused it')': /session/33750dcae141a5e2b0e1c81130929d17
2024-03-10 00:55:46,967 Retrying (Retry(total=1, connect=None, read=None, redirect=None, status=None)) after connection broken by 'NewConnectionError('<urllib3.connection.HTTPConnection object at 0x000001EAB22896A0>: Failed to establish a new connection: [WinError 10061] No connection could be made because the target machine actively refused it')': /session/33750dcae141a5e2b0e1c81130929d17
2024-03-10 00:55:51,050 Retrying (Retry(total=0, connect=None, read=None, redirect=None, status=None)) after connection broken by 'NewConnectionError('<urllib3.connection.HTTPConnection object at 0x000001EAB2289790>: Failed to establish a new connection: [WinError 10061] No connection could be made because the target machine actively refused it')': /session/33750dcae141a5e2b0e1c81130929d17
2024-03-10 00:59:29,666 Generated user details: {'full_name': 'Mr. Peter Fox', 'username': 'gabrielle43', 'instagram_username': '@gabrielle43', 'bio': 'Government someone shoulder policy. Win would her class. Simple thank agent heavy wonder response.', 'password': '@szi@6EgDOD)'}
2024-03-10 00:59:29,666 Created email address: gabrielle435595@yopmail.com
2024-03-10 00:59:35,658 Fetched OTP: None
2024-03-10 00:59:37,393 Downloaded profile image: profile_picture.jpg
2024-03-10 01:00:18,167 Account creation status: None
2024-03-10 01:00:18,167 Account creation process completed
2024-03-10 01:00:22,240 Retrying (Retry(total=2, connect=None, read=None, redirect=None, status=None)) after connection broken by 'NewConnectionError('<urllib3.connection.HTTPConnection object at 0x00000163326A9100>: Failed to establish a new connection: [WinError 10061] No connection could be made because the target machine actively refused it')': /session/ba6c4d1e26314dd9026e4c67547b777b
2024-03-10 01:00:26,309 Retrying (Retry(total=1, connect=None, read=None, redirect=None, status=None)) after connection broken by 'NewConnectionError('<urllib3.connection.HTTPConnection object at 0x00000163326A8EC0>: Failed to establish a new connection: [WinError 10061] No connection could be made because the target machine actively refused it')': /session/ba6c4d1e26314dd9026e4c67547b777b
2024-03-10 01:00:30,362 Retrying (Retry(total=0, connect=None, read=None, redirect=None, status=None)) after connection broken by 'NewConnectionError('<urllib3.connection.HTTPConnection object at 0x00000163326A9010>: Failed to establish a new connection: [WinError 10061] No connection could be made because the target machine actively refused it')': /session/ba6c4d1e26314dd9026e4c67547b777b
2024-03-10 16:45:57,232 Generated user details: {'full_name': 'Kelli Perez', 'username': 'everettmanuel', 'instagram_username': '@everettmanuel', 'bio': 'Nice policy culture indicate note join spring that. Pattern allow computer play win huge head room. Worker drive key beautiful.', 'password': '^8qenSDUZby+'}
2024-03-10 16:45:57,232 Created email address: everettmanuel8014@yopmail.com
2024-03-10 16:46:00,255 Fetched OTP: None
2024-03-10 16:46:02,669 Downloaded profile image: profile_picture.jpg
2024-03-10 16:46:40,042 Account creation status: None
2024-03-10 16:46:40,061 Account creation process completed
2024-03-10 16:46:44,178 Retrying (Retry(total=2, connect=None, read=None, redirect=None, status=None)) after connection broken by 'NewConnectionError('<urllib3.connection.HTTPConnection object at 0x000001E5234F9160>: Failed to establish a new connection: [WinError 10061] No connection could be made because the target machine actively refused it')': /session/e9c5fb293e5f5da520939a99d32e1d17
2024-03-10 16:46:48,272 Retrying (Retry(total=1, connect=None, read=None, redirect=None, status=None)) after connection broken by 'NewConnectionError('<urllib3.connection.HTTPConnection object at 0x000001E5234F9460>: Failed to establish a new connection: [WinError 10061] No connection could be made because the target machine actively refused it')': /session/e9c5fb293e5f5da520939a99d32e1d17
2024-03-10 16:46:52,351 Retrying (Retry(total=0, connect=None, read=None, redirect=None, status=None)) after connection broken by 'NewConnectionError('<urllib3.connection.HTTPConnection object at 0x000001E5234F95B0>: Failed to establish a new connection: [WinError 10061] No connection could be made because the target machine actively refused it')': /session/e9c5fb293e5f5da520939a99d32e1d17
2024-03-10 18:35:46,497 Generated user details: {'full_name': 'Natalie Berry', 'username': 'kimcheryl', 'instagram_username': '@kimcheryl', 'bio': 'Good reflect produce better. Special more create while feeling.', 'password': 'F^AG87Oo1X6r'}
2024-03-10 18:35:46,497 Created email address: kimcheryl0464@yopmail.com
2024-03-10 18:35:50,440 Fetched OTP: None
2024-03-10 18:35:51,883 Downloaded profile image: profile_picture.jpg
2024-03-10 18:36:28,496 Account creation status: None
2024-03-10 18:36:28,496 Account creation process completed
2024-03-10 18:36:32,545 Retrying (Retry(total=2, connect=None, read=None, redirect=None, status=None)) after connection broken by 'NewConnectionError('<urllib3.connection.HTTPConnection object at 0x0000019DFC0F91F0>: Failed to establish a new connection: [WinError 10061] No connection could be made because the target machine actively refused it')': /session/1224a35712036bfc840f18fabd931d69
2024-03-10 18:36:36,595 Retrying (Retry(total=1, connect=None, read=None, redirect=None, status=None)) after connection broken by 'NewConnectionError('<urllib3.connection.HTTPConnection object at 0x0000019DFC0F9340>: Failed to establish a new connection: [WinError 10061] No connection could be made because the target machine actively refused it')': /session/1224a35712036bfc840f18fabd931d69
2024-03-10 18:36:40,644 Retrying (Retry(total=0, connect=None, read=None, redirect=None, status=None)) after connection broken by 'NewConnectionError('<urllib3.connection.HTTPConnection object at 0x0000019DFC0F94F0>: Failed to establish a new connection: [WinError 10061] No connection could be made because the target machine actively refused it')': /session/1224a35712036bfc840f18fabd931d69
2024-03-10 19:42:35,921 Generated user details: {'full_name': 'Raymond Estes', 'username': 'charleshowell', 'instagram_username': '@charleshowell', 'bio': 'We media food leave give. Who name machine moment early tough art.', 'password': 'mAP0&Fx)&dFN'}
2024-03-10 19:42:35,921 Created email address: charleshowell0587@yopmail.com
2024-03-10 19:42:40,528 Fetched OTP: None
2024-03-10 19:42:42,155 Downloaded profile image: profile_picture.jpg
2024-03-10 19:43:24,880 Account creation status: None
2024-03-10 19:43:24,880 Account creation process completed
2024-03-10 19:43:28,945 Retrying (Retry(total=2, connect=None, read=None, redirect=None, status=None)) after connection broken by 'NewConnectionError('<urllib3.connection.HTTPConnection object at 0x00000253BE4695B0>: Failed to establish a new connection: [WinError 10061] No connection could be made because the target machine actively refused it')': /session/7613250531c1aec8c2e36785975dfb61
2024-03-10 19:43:33,020 Retrying (Retry(total=1, connect=None, read=None, redirect=None, status=None)) after connection broken by 'NewConnectionError('<urllib3.connection.HTTPConnection object at 0x00000253BE4696A0>: Failed to establish a new connection: [WinError 10061] No connection could be made because the target machine actively refused it')': /session/7613250531c1aec8c2e36785975dfb61
2024-03-10 19:43:37,083 Retrying (Retry(total=0, connect=None, read=None, redirect=None, status=None)) after connection broken by 'NewConnectionError('<urllib3.connection.HTTPConnection object at 0x00000253BE469820>: Failed to establish a new connection: [WinError 10061] No connection could be made because the target machine actively refused it')': /session/7613250531c1aec8c2e36785975dfb61
2024-03-10 19:56:13,134 Generated user details: {'full_name': 'Barbara Webb', 'username': 'christiandouglas', 'instagram_username': '@christiandouglas', 'bio': 'Star wonder big second old arrive adult. Need enjoy professional authority.', 'password': '@FT6@PBdc^+2'}
2024-03-10 19:56:13,134 Created email address: christiandouglas8791@yopmail.com
2024-03-10 19:56:17,357 Fetched OTP: None
2024-03-10 19:56:18,876 Downloaded profile image: profile_picture.jpg
2024-03-10 19:57:01,608 Account creation status: None
2024-03-10 19:57:01,609 Account creation process completed
2024-03-10 19:57:05,688 Retrying (Retry(total=2, connect=None, read=None, redirect=None, status=None)) after connection broken by 'NewConnectionError('<urllib3.connection.HTTPConnection object at 0x00000248E7F59460>: Failed to establish a new connection: [WinError 10061] No connection could be made because the target machine actively refused it')': /session/e3ae41ef030b39ad6b53d008600138d7
2024-03-10 19:57:09,766 Retrying (Retry(total=1, connect=None, read=None, redirect=None, status=None)) after connection broken by 'NewConnectionError('<urllib3.connection.HTTPConnection object at 0x00000248E7F595B0>: Failed to establish a new connection: [WinError 10061] No connection could be made because the target machine actively refused it')': /session/e3ae41ef030b39ad6b53d008600138d7
2024-03-10 19:57:13,846 Retrying (Retry(total=0, connect=None, read=None, redirect=None, status=None)) after connection broken by 'NewConnectionError('<urllib3.connection.HTTPConnection object at 0x00000248E7F59700>: Failed to establish a new connection: [WinError 10061] No connection could be made because the target machine actively refused it')': /session/e3ae41ef030b39ad6b53d008600138d7
2024-03-12 20:11:00,219 Generated user details: {'full_name': 'Tamara Mendez', 'username': 'ashley94', 'instagram_username': '@ashley94', 'bio': 'Cup major rock different few stuff. Lose be child newspaper sometimes far.\nAdult himself these. Southern plan measure tree walk.', 'password': '48$Kew^N#oVk'}
2024-03-12 20:11:00,219 Created email address: ashley948884@yopmail.com
2024-03-12 20:11:02,374 Fetched OTP: None
2024-03-12 20:11:04,298 Downloaded profile image: profile_picture.jpg
2024-03-12 20:11:42,824 Account creation status: None
2024-03-12 20:11:42,826 Account creation process completed
2024-03-12 20:11:46,876 Retrying (Retry(total=2, connect=None, read=None, redirect=None, status=None)) after connection broken by 'NewConnectionError('<urllib3.connection.HTTPConnection object at 0x0000027DE82C9970>: Failed to establish a new connection: [WinError 10061] No connection could be made because the target machine actively refused it')': /session/988d10b4c5f2bd91d79bb89d557b0188
2024-03-12 20:11:50,950 Retrying (Retry(total=1, connect=None, read=None, redirect=None, status=None)) after connection broken by 'NewConnectionError('<urllib3.connection.HTTPConnection object at 0x0000027DE82C9AF0>: Failed to establish a new connection: [WinError 10061] No connection could be made because the target machine actively refused it')': /session/988d10b4c5f2bd91d79bb89d557b0188
2024-03-12 20:11:55,025 Retrying (Retry(total=0, connect=None, read=None, redirect=None, status=None)) after connection broken by 'NewConnectionError('<urllib3.connection.HTTPConnection object at 0x0000027DE82C9C40>: Failed to establish a new connection: [WinError 10061] No connection could be made because the target machine actively refused it')': /session/988d10b4c5f2bd91d79bb89d557b0188
2024-03-12 20:15:17,756 Generated user details: {'full_name': 'Jennifer Phillips', 'username': 'caitlynbennett', 'instagram_username': '@caitlynbennett', 'bio': 'City scene buy ball memory pay include individual. Price drug thought allow quite attention.', 'password': '8MqB61CbUm)U'}
2024-03-12 20:15:17,756 Created email address: caitlynbennett1962@yopmail.com
2024-03-12 20:15:20,887 Fetched OTP: None
2024-03-12 20:15:22,677 Downloaded profile image: profile_picture.jpg
2024-03-12 20:16:05,340 Account creation status: None
2024-03-12 20:16:05,340 Account creation process completed
2024-03-12 20:16:09,397 Retrying (Retry(total=2, connect=None, read=None, redirect=None, status=None)) after connection broken by 'NewConnectionError('<urllib3.connection.HTTPConnection object at 0x00000252C4A89970>: Failed to establish a new connection: [WinError 10061] No connection could be made because the target machine actively refused it')': /session/f4dded90e996942643572bee8e66647b
2024-03-12 20:16:13,486 Retrying (Retry(total=1, connect=None, read=None, redirect=None, status=None)) after connection broken by 'NewConnectionError('<urllib3.connection.HTTPConnection object at 0x00000252C4A89B20>: Failed to establish a new connection: [WinError 10061] No connection could be made because the target machine actively refused it')': /session/f4dded90e996942643572bee8e66647b
2024-03-12 20:16:17,536 Retrying (Retry(total=0, connect=None, read=None, redirect=None, status=None)) after connection broken by 'NewConnectionError('<urllib3.connection.HTTPConnection object at 0x00000252C4A89C40>: Failed to establish a new connection: [WinError 10061] No connection could be made because the target machine actively refused it')': /session/f4dded90e996942643572bee8e66647b
2024-03-12 20:17:23,916 Generated user details: {'full_name': 'Spencer Benitez', 'username': 'huffmanalisha', 'instagram_username': '@huffmanalisha', 'bio': 'Us fill catch gas quickly. Mother third key identify.\nSuffer choice college level before style prepare. Recent pretty experience quality never read.', 'password': '@4Bq$lo0M8uB'}
2024-03-12 20:17:23,916 Created email address: huffmanalisha9278@yopmail.com
2024-03-12 20:17:26,793 Fetched OTP: None
2024-03-12 20:17:58,513 Downloaded profile image: profile_picture.jpg
2024-03-12 20:19:09,318 Generated user details: {'full_name': 'Lisa Norris', 'username': 'gfisher', 'instagram_username': '@gfisher', 'bio': 'Audience talk keep interest cultural require blood. Maintain eye inside table concern form.', 'password': 'p7Lu0YI_%6X5'}
2024-03-12 20:19:09,318 Created email address: gfisher7092@yopmail.com
2024-03-12 20:19:12,314 Fetched OTP: None
2024-03-12 20:19:14,416 Downloaded profile image: profile_picture.jpg
2024-03-12 20:20:02,918 Account creation status: None
2024-03-12 20:20:02,918 Account creation process completed
2024-03-12 20:20:06,979 Retrying (Retry(total=2, connect=None, read=None, redirect=None, status=None)) after connection broken by 'NewConnectionError('<urllib3.connection.HTTPConnection object at 0x000001EAC43F9D60>: Failed to establish a new connection: [WinError 10061] No connection could be made because the target machine actively refused it')': /session/d89f56b79ebb5ab4fb153791466fce51
2024-03-12 20:20:11,051 Retrying (Retry(total=1, connect=None, read=None, redirect=None, status=None)) after connection broken by 'NewConnectionError('<urllib3.connection.HTTPConnection object at 0x000001EAC43F9EB0>: Failed to establish a new connection: [WinError 10061] No connection could be made because the target machine actively refused it')': /session/d89f56b79ebb5ab4fb153791466fce51
2024-03-12 20:20:15,142 Retrying (Retry(total=0, connect=None, read=None, redirect=None, status=None)) after connection broken by 'NewConnectionError('<urllib3.connection.HTTPConnection object at 0x000001EAC43FA000>: Failed to establish a new connection: [WinError 10061] No connection could be made because the target machine actively refused it')': /session/d89f56b79ebb5ab4fb153791466fce51
2024-03-12 20:40:41,439 Generated user details: {'full_name': 'Andrea Meza', 'username': 'byrdjenna', 'instagram_username': '@byrdjenna', 'bio': 'Note near computer they station fact allow. Same century either official. Piece ok behind blue everybody.', 'password': ')pLF1jY_!69$'}
2024-03-12 20:40:41,439 Created email address: byrdjenna6745@yopmail.com
2024-03-12 20:40:54,643 Fetched OTP: None
2024-03-12 20:40:56,747 Downloaded profile image: profile_picture.jpg
2024-03-12 20:41:46,058 Account creation status: False
2024-03-12 20:41:46,058 Account creation process completed
2024-03-12 20:41:50,111 Retrying (Retry(total=2, connect=None, read=None, redirect=None, status=None)) after connection broken by 'NewConnectionError('<urllib3.connection.HTTPConnection object at 0x00000177998899A0>: Failed to establish a new connection: [WinError 10061] No connection could be made because the target machine actively refused it')': /session/8376e126b5d92a6424b5bcd1252a10bc
2024-03-12 20:41:54,191 Retrying (Retry(total=1, connect=None, read=None, redirect=None, status=None)) after connection broken by 'NewConnectionError('<urllib3.connection.HTTPConnection object at 0x0000017799889B20>: Failed to establish a new connection: [WinError 10061] No connection could be made because the target machine actively refused it')': /session/8376e126b5d92a6424b5bcd1252a10bc
2024-03-12 20:41:58,251 Retrying (Retry(total=0, connect=None, read=None, redirect=None, status=None)) after connection broken by 'NewConnectionError('<urllib3.connection.HTTPConnection object at 0x0000017799889C70>: Failed to establish a new connection: [WinError 10061] No connection could be made because the target machine actively refused it')': /session/8376e126b5d92a6424b5bcd1252a10bc
2024-03-12 20:43:35,130 Generated user details: {'full_name': 'Susan Morgan', 'username': 'crystal20', 'instagram_username': '@crystal20', 'bio': 'Sea little production from someone low. Traditional should rather time.', 'password': ')U03nvTuUUK1'}
2024-03-12 20:43:35,130 Created email address: crystal207159@yopmail.com
2024-03-12 20:43:37,821 Fetched OTP: None
2024-03-12 20:43:39,907 Downloaded profile image: profile_picture.jpg
2024-03-12 20:44:11,135 Account creation status: False
2024-03-12 20:44:11,135 Account creation process completed
2024-03-12 20:44:15,193 Retrying (Retry(total=2, connect=None, read=None, redirect=None, status=None)) after connection broken by 'NewConnectionError('<urllib3.connection.HTTPConnection object at 0x000001EAB1BFDB20>: Failed to establish a new connection: [WinError 10061] No connection could be made because the target machine actively refused it')': /session/1a3a5924c407f59c5225c2b538ee79fa
2024-03-12 20:44:19,243 Retrying (Retry(total=1, connect=None, read=None, redirect=None, status=None)) after connection broken by 'NewConnectionError('<urllib3.connection.HTTPConnection object at 0x000001EAB1BFDCA0>: Failed to establish a new connection: [WinError 10061] No connection could be made because the target machine actively refused it')': /session/1a3a5924c407f59c5225c2b538ee79fa
2024-03-12 20:44:23,300 Retrying (Retry(total=0, connect=None, read=None, redirect=None, status=None)) after connection broken by 'NewConnectionError('<urllib3.connection.HTTPConnection object at 0x000001EAB1BFDDF0>: Failed to establish a new connection: [WinError 10061] No connection could be made because the target machine actively refused it')': /session/1a3a5924c407f59c5225c2b538ee79fa
2024-03-12 21:38:32,376 Generated user details: {'full_name': 'Nicholas Gilmore', 'username': 'monique94', 'instagram_username': '@monique94', 'bio': 'Stage successful color everything. Return spring money real ready.\nBehind bar interesting organization over.', 'password': ')CIq_*Qd1l3l'}
2024-03-12 21:38:32,377 Created email address: monique947990@yopmail.com
2024-03-12 21:38:35,047 Fetched OTP: None
2024-03-12 21:38:37,345 Downloaded profile image: profile_picture.jpg
2024-03-12 21:39:09,419 Account creation status: False
2024-03-12 21:39:09,419 Account creation process completed
2024-03-12 21:39:13,482 Retrying (Retry(total=2, connect=None, read=None, redirect=None, status=None)) after connection broken by 'NewConnectionError('<urllib3.connection.HTTPConnection object at 0x0000017883A4DEE0>: Failed to establish a new connection: [WinError 10061] No connection could be made because the target machine actively refused it')': /session/7ddbb035853bf1e87c3536c25155271a
2024-03-12 21:39:17,548 Retrying (Retry(total=1, connect=None, read=None, redirect=None, status=None)) after connection broken by 'NewConnectionError('<urllib3.connection.HTTPConnection object at 0x0000017883A4E060>: Failed to establish a new connection: [WinError 10061] No connection could be made because the target machine actively refused it')': /session/7ddbb035853bf1e87c3536c25155271a
2024-03-12 21:39:21,602 Retrying (Retry(total=0, connect=None, read=None, redirect=None, status=None)) after connection broken by 'NewConnectionError('<urllib3.connection.HTTPConnection object at 0x000001788287FE90>: Failed to establish a new connection: [WinError 10061] No connection could be made because the target machine actively refused it')': /session/7ddbb035853bf1e87c3536c25155271a
2024-03-12 21:41:51,020 Generated user details: {'full_name': 'Vanessa Mercer', 'username': 'rebeccanelson', 'instagram_username': '@rebeccanelson', 'bio': 'And reveal measure term human.', 'password': '*6LcP@Ehgqto'}
2024-03-12 21:41:51,020 Created email address: rebeccanelson3149@yopmail.com
2024-03-12 21:41:53,425 Fetched OTP: None
2024-03-12 21:41:55,563 Downloaded profile image: profile_picture.jpg
2024-03-12 21:42:57,746 Account creation status: False
2024-03-12 21:42:57,746 Account creation process completed
2024-03-12 21:43:01,790 Retrying (Retry(total=2, connect=None, read=None, redirect=None, status=None)) after connection broken by 'NewConnectionError('<urllib3.connection.HTTPConnection object at 0x000002309503DF70>: Failed to establish a new connection: [WinError 10061] No connection could be made because the target machine actively refused it')': /session/308deffc316b2aef9ddc52976f379111
2024-03-12 21:43:05,855 Retrying (Retry(total=1, connect=None, read=None, redirect=None, status=None)) after connection broken by 'NewConnectionError('<urllib3.connection.HTTPConnection object at 0x000002309503E0F0>: Failed to establish a new connection: [WinError 10061] No connection could be made because the target machine actively refused it')': /session/308deffc316b2aef9ddc52976f379111
2024-03-12 21:43:09,934 Retrying (Retry(total=0, connect=None, read=None, redirect=None, status=None)) after connection broken by 'NewConnectionError('<urllib3.connection.HTTPConnection object at 0x00000230940A6150>: Failed to establish a new connection: [WinError 10061] No connection could be made because the target machine actively refused it')': /session/308deffc316b2aef9ddc52976f379111
